<?xml version="1.0" encoding="UTF-8"?>
<!-- Generated by org.testng.reporters.JUnitReportReporter -->
<testsuite hostname="Hasan" name="TestNGPackage.NewTestTwo" tests="1" failures="0" timestamp="28 Apr 2018 18:11:52 GMT" time="25.985" errors="0">
  <testcase name="verifyForgotAccountLinkTwo" time="25.985" classname="TestNGPackage.NewTestTwo"/>
</testsuite> <!-- TestNGPackage.NewTestTwo -->
