<?xml version="1.0" encoding="UTF-8"?>
<!-- Generated by org.testng.reporters.JUnitReportReporter -->
<testsuite hostname="Hasan" name="TestNGPackage.NewTestThree" tests="3" failures="0" timestamp="28 Apr 2018 18:01:16 GMT" time="79.862" errors="0">
  <testcase name="validLoginThree" time="24.061" classname="TestNGPackage.NewTestThree"/>
  <testcase name="invalidloginTestThree" time="30.971" classname="TestNGPackage.NewTestThree"/>
  <testcase name="verifyForgotAccountLinkThree" time="24.830" classname="TestNGPackage.NewTestThree"/>
</testsuite> <!-- TestNGPackage.NewTestThree -->
