<?xml version="1.0" encoding="UTF-8"?>
<!-- Generated by org.testng.reporters.JUnitReportReporter -->
<testsuite hostname="Hasan" name="com.test.TestCaseOne" tests="1" failures="0" timestamp="13 May 2018 19:07:36 GMT" time="76.665" errors="0">
  <testcase name="getpasswordreset" time="76.665" classname="com.test.TestCaseOne"/>
</testsuite> <!-- com.test.TestCaseOne -->
