<?xml version="1.0" encoding="UTF-8"?>
<!-- Generated by org.testng.reporters.JUnitReportReporter -->
<testsuite hostname="Hasan" name="com.test.TestCaseTwo" tests="1" failures="0" timestamp="13 May 2018 19:07:36 GMT" time="8.028" errors="0">
  <testcase name="getpasswordreset_2" time="8.028" classname="com.test.TestCaseTwo"/>
</testsuite> <!-- com.test.TestCaseTwo -->
