<?xml version="1.0" encoding="UTF-8"?>
<!-- Generated by org.testng.reporters.JUnitReportReporter -->
<testsuite hostname="Hasan" name="TestNGPackage.TestCaseOne" tests="2" failures="0" timestamp="24 Feb 2018 18:16:04 GMT" time="53.090" errors="0">
  <testcase name="testcaseOne" time="27.946" classname="TestNGPackage.TestCaseOne"/>
  <testcase name="testcaseThree" time="25.144" classname="TestNGPackage.TestCaseOne"/>
</testsuite> <!-- TestNGPackage.TestCaseOne -->
