<?xml version="1.0" encoding="UTF-8"?>
<!-- Generated by org.testng.reporters.JUnitReportReporter -->
<testsuite hostname="Hasan" name="TestNGPackage.TestCaseThree" tests="2" failures="0" timestamp="24 Feb 2018 18:38:20 GMT" time="45.598" errors="0">
  <testcase name="testcaseFive" time="26.186" classname="TestNGPackage.TestCaseThree"/>
  <testcase name="testcaseFour" time="19.412" classname="TestNGPackage.TestCaseThree"/>
</testsuite> <!-- TestNGPackage.TestCaseThree -->
