<?xml version="1.0" encoding="UTF-8"?>
<!-- Generated by org.testng.reporters.JUnitReportReporter -->
<testsuite hostname="Hasan" name="TestNGPackage.TestCaseTwo" tests="1" failures="0" timestamp="24 Feb 2018 18:38:20 GMT" time="28.015" errors="0">
  <testcase name="testcaseNine" time="28.015" classname="TestNGPackage.TestCaseTwo"/>
</testsuite> <!-- TestNGPackage.TestCaseTwo -->
