<?xml version="1.0" encoding="UTF-8"?>
<!-- Generated by org.testng.reporters.JUnitReportReporter -->
<testsuite hostname="Hasan" name="Session1" tests="2" failures="0" timestamp="12 Nov 2017 18:50:41 GMT" time="3.131" errors="0">
  <testcase name="ContextCheck" time="0.543" classname="Session1"/>
  <testcase name="GetMenuList" time="2.588" classname="Session1"/>
</testsuite> <!-- Session1 -->
