<?xml version="1.0" encoding="UTF-8"?>
<!-- Generated by org.testng.reporters.JUnitReportReporter -->
<testsuite skipped="0" hostname="LAPTOP-JEI8AS0O" name="com.MavenSelenium.TestOne" tests="3" failures="0" timestamp="01 Jul 2018 17:14:08 GMT" time="0.008" errors="0">
  <testcase name="functionOne" time="0.003" classname="com.MavenSelenium.TestOne"/>
  <testcase name="functionTwo" time="0.002" classname="com.MavenSelenium.TestOne"/>
  <testcase name="functionThree" time="0.003" classname="com.MavenSelenium.TestOne"/>
</testsuite> <!-- com.MavenSelenium.TestOne -->
