<?xml version="1.0" encoding="UTF-8"?>
<!-- Generated by org.testng.reporters.JUnitReportReporter -->
<testsuite hostname="Hasan" name="MavenProject.SeleniumMavenDec.testNGTest" tests="2" failures="0" timestamp="11 Dec 2017 06:26:45 GMT" time="0.033" errors="0">
  <testcase name="TC001" time="0.027" classname="MavenProject.SeleniumMavenDec.testNGTest"/>
  <testcase name="TC002" time="0.006" classname="MavenProject.SeleniumMavenDec.testNGTest"/>
</testsuite> <!-- MavenProject.SeleniumMavenDec.testNGTest -->
