<?xml version="1.0" encoding="UTF-8"?>
<!-- Generated by org.testng.reporters.JUnitReportReporter -->
<testsuite hostname="Hasan" name="TestNGFramework.Session1" tests="3" failures="0" timestamp="29 Oct 2017 18:52:45 GMT" time="0.095" errors="0">
  <testcase name="Test2" time="0.048" classname="TestNGFramework.Session1"/>
  <testcase name="Test3" time="0.000" classname="TestNGFramework.Session1"/>
  <testcase name="Test1" time="0.047" classname="TestNGFramework.Session1"/>
</testsuite> <!-- TestNGFramework.Session1 -->
