<?xml version="1.0" encoding="UTF-8"?>
<!-- Generated by org.testng.reporters.JUnitReportReporter -->
<testsuite hostname="Hasan" name="Session5.ClassFour" tests="2" failures="0" timestamp="16 Sep 2017 18:04:13 GMT" time="0.017" errors="0">
  <testcase name="TestF" time="0.007" classname="Session5.ClassFour"/>
  <testcase name="TestG" time="0.010" classname="Session5.ClassFour"/>
</testsuite> <!-- Session5.ClassFour -->
