<?xml version="1.0" encoding="UTF-8"?>
<!-- Generated by org.testng.reporters.JUnitReportReporter -->
<testsuite hostname="Hasan" name="Session5.ClassTwo" tests="2" failures="0" timestamp="16 Sep 2017 18:06:45 GMT" time="0.030" errors="0">
  <testcase name="TestB" time="0.020" classname="Session5.ClassTwo"/>
  <testcase name="TestC" time="0.010" classname="Session5.ClassTwo"/>
</testsuite> <!-- Session5.ClassTwo -->
