<?xml version="1.0" encoding="UTF-8"?>
<!-- Generated by org.testng.reporters.JUnitReportReporter -->
<testsuite hostname="Hasan" name="Session5.ClassThree" tests="2" failures="0" timestamp="16 Sep 2017 18:04:13 GMT" time="0.031" errors="0">
  <testcase name="TestD" time="0.017" classname="Session5.ClassThree"/>
  <testcase name="TestE" time="0.014" classname="Session5.ClassThree"/>
</testsuite> <!-- Session5.ClassThree -->
