<?xml version="1.0" encoding="UTF-8"?>
<!-- Generated by org.testng.reporters.JUnitReportReporter -->
<testsuite hostname="Hasan" name="com.learning.NewTest" tests="2" failures="0" timestamp="29 Apr 2018 16:27:54 GMT" time="65.140" errors="0">
  <testcase name="verifyForgotAccountLink" time="38.736" classname="com.learning.NewTest"/>
  <testcase name="validLogin" time="26.404" classname="com.learning.NewTest"/>
</testsuite> <!-- com.learning.NewTest -->
