<?xml version="1.0" encoding="UTF-8"?>
<!-- Generated by org.testng.reporters.JUnitReportReporter -->
<testsuite hostname="Hasan" name="com.learning.NewTestThree" tests="1" failures="0" timestamp="29 Apr 2018 16:27:54 GMT" time="26.629" errors="0">
  <testcase name="invalidloginTestThree" time="26.629" classname="com.learning.NewTestThree"/>
</testsuite> <!-- com.learning.NewTestThree -->
