<?xml version="1.0" encoding="UTF-8"?>
<!-- Generated by org.testng.reporters.JUnitReportReporter -->
<testsuite hostname="Hasan" name="com.learning.NewTestTwo" tests="1" failures="0" timestamp="29 Apr 2018 16:27:54 GMT" time="29.653" errors="0">
  <testcase name="invalidloginTestTwo" time="29.653" classname="com.learning.NewTestTwo"/>
</testsuite> <!-- com.learning.NewTestTwo -->
