<?xml version="1.0" encoding="UTF-8"?>
<!-- Generated by org.testng.reporters.JUnitReportReporter -->
<testsuite hostname="Hasan" name="test.TestCase1" tests="2" failures="0" timestamp="4 Nov 2017 18:02:25 GMT" time="7.633" errors="0">
  <testcase name="TC001" time="2.831" classname="test.TestCase1"/>
  <testcase name="TC002" time="4.802" classname="test.TestCase1"/>
</testsuite> <!-- test.TestCase1 -->
