<?xml version="1.0" encoding="UTF-8"?>
<!-- Generated by org.testng.reporters.JUnitReportReporter -->
<testsuite hostname="Hasan" name="TestNGPackage.TNGClassThree" tests="1" failures="0" timestamp="9 Dec 2017 19:07:19 GMT" time="0.031" errors="0">
  <testcase name="TC005" time="0.031" classname="TestNGPackage.TNGClassThree"/>
</testsuite> <!-- TestNGPackage.TNGClassThree -->
