<?xml version="1.0" encoding="UTF-8"?>
<!-- Generated by org.testng.reporters.JUnitReportReporter -->
<testsuite hostname="Hasan" name="TestNGPackage.TNGClassOne" tests="2" failures="0" timestamp="9 Dec 2017 19:07:19 GMT" time="0.014" errors="0">
  <testcase name="TC002" time="0.009" classname="TestNGPackage.TNGClassOne"/>
  <testcase name="TC001" time="0.005" classname="TestNGPackage.TNGClassOne"/>
</testsuite> <!-- TestNGPackage.TNGClassOne -->
